jorge No se encuentra en el sistema
el directorio de jorge No existe
el usuario jorge ha sido creado
jorge No se encuentra en el sistema
el directorio de jorge No existe
el usuario jorge ha sido creado
jorge No se encuentra en el sistema
el directorio de jorge No existe
el usuario jorge ha sido creado
biblioteca No se encuentra en el sistema
el directorio de biblioteca No existe
el usuario biblioteca ha sido creado
biblioteca No se encuentra en el sistema
el directorio de biblioteca No existe
el usuario biblioteca ha sido creado
biblioteca No se encuentra en el sistema
el directorio de biblioteca No existe
el usuario biblioteca ha sido creado
biblioteca No se encuentra en el sistema
el directorio de biblioteca No existe
el usuario biblioteca ha sido creado
biblioteca No se encuentra en el sistema
el directorio de biblioteca No existe
el usuario biblioteca ha sido creado
biblioteca No se encuentra en el sistema
el directorio de biblioteca No existe
el usuario biblioteca ha sido creado
biblioteca No se encuentra en el sistema
el directorio de biblioteca No existe
el usuario biblioteca ha sido creado
biblioteca No se encuentra en el sistema
el directorio de biblioteca No existe
el usuario biblioteca ha sido creado
